2023-06-03 22:29:24.732  INFO 42266 --- [main] i.a.m.cartoes.CartoesApplicationTests    : Starting CartoesApplicationTests using Java 19.0.2 on marlos with PID 42266 (started by marlos in /home/marlos/Microservice API Modular/projeto-avaliador-credito/cartoes)
2023-06-03 22:29:24.733  INFO 42266 --- [main] i.a.m.cartoes.CartoesApplicationTests    : No active profile set, falling back to 1 default profile: "default"
2023-06-03 22:29:25.417  INFO 42266 --- [main] .s.d.r.c.RepositoryConfigurationDelegate : Bootstrapping Spring Data JPA repositories in DEFAULT mode.
2023-06-03 22:29:25.498  INFO 42266 --- [main] .s.d.r.c.RepositoryConfigurationDelegate : Finished Spring Data repository scanning in 75 ms. Found 2 JPA repository interfaces.
2023-06-03 22:29:25.658  INFO 42266 --- [main] o.s.cloud.context.scope.GenericScope     : BeanFactory id=c4fba8a3-d1a9-3f93-965c-0386d7db1aff
2023-06-03 22:29:25.914  INFO 42266 --- [main] com.zaxxer.hikari.HikariDataSource       : HikariPool-1 - Starting...
2023-06-03 22:29:26.041  INFO 42266 --- [main] com.zaxxer.hikari.HikariDataSource       : HikariPool-1 - Start completed.
2023-06-03 22:29:26.076  INFO 42266 --- [main] o.hibernate.jpa.internal.util.LogHelper  : HHH000204: Processing PersistenceUnitInfo [name: default]
2023-06-03 22:29:26.105  INFO 42266 --- [main] org.hibernate.Version                    : HHH000412: Hibernate ORM core version 5.6.15.Final
2023-06-03 22:29:26.195  INFO 42266 --- [main] o.hibernate.annotations.common.Version   : HCANN000001: Hibernate Commons Annotations {5.1.2.Final}
2023-06-03 22:29:26.260  INFO 42266 --- [main] org.hibernate.dialect.Dialect            : HHH000400: Using dialect: org.hibernate.dialect.H2Dialect
2023-06-03 22:29:26.580  INFO 42266 --- [main] o.h.e.t.j.p.i.JtaPlatformInitiator       : HHH000490: Using JtaPlatform implementation: [org.hibernate.engine.transaction.jta.platform.internal.NoJtaPlatform]
2023-06-03 22:29:26.586  INFO 42266 --- [main] j.LocalContainerEntityManagerFactoryBean : Initialized JPA EntityManagerFactory for persistence unit 'default'
2023-06-03 22:29:27.008  WARN 42266 --- [main] JpaBaseConfiguration$JpaWebConfiguration : spring.jpa.open-in-view is enabled by default. Therefore, database queries may be performed during view rendering. Explicitly configure spring.jpa.open-in-view to disable this warning
2023-06-03 22:29:28.017  INFO 42266 --- [main] DiscoveryClientOptionalArgsConfiguration : Eureka HTTP Client uses RestTemplate.
2023-06-03 22:29:28.094  WARN 42266 --- [main] iguration$LoadBalancerCaffeineWarnLogger : Spring Cloud LoadBalancer is currently working with the default cache. While this cache implementation is useful for development and tests, it's recommended to use Caffeine cache in production.You can switch to using Caffeine cache, by adding it and org.springframework.cache.caffeine.CaffeineCacheManager to the classpath.
2023-06-03 22:29:28.102  INFO 42266 --- [main] o.s.b.a.e.web.EndpointLinksResolver      : Exposing 17 endpoint(s) beneath base path '/actuator'
2023-06-03 22:29:28.150  INFO 42266 --- [main] o.s.a.r.c.CachingConnectionFactory       : Attempting to connect to: [${RABBITMQ_SERVER}:5672]
2023-06-03 22:29:28.152  INFO 42266 --- [main] o.s.a.r.l.SimpleMessageListenerContainer : Broker not available; cannot force queue declarations during start: java.net.UnknownHostException: ${RABBITMQ_SERVER}: Nome ou serviço desconhecido
2023-06-03 22:29:28.157  INFO 42266 --- [org.springframework.amqp.rabbit.RabbitListenerEndpointContainer#0-1] o.s.a.r.c.CachingConnectionFactory       : Attempting to connect to: [${RABBITMQ_SERVER}:5672]
2023-06-03 22:29:28.171  INFO 42266 --- [main] i.a.m.cartoes.CartoesApplicationTests    : Started CartoesApplicationTests in 3.675 seconds (JVM running for 4.213)
2023-06-03 22:29:28.348  INFO 42266 --- [SpringApplicationShutdownHook] o.s.c.n.eureka.InstanceInfoFactory       : Setting initial instance status as: STARTING
2023-06-03 22:29:28.349  INFO 42266 --- [SpringApplicationShutdownHook] o.s.c.n.e.s.EurekaServiceRegistry        : Unregistering application CARTOES with eureka with status DOWN
2023-06-03 22:29:28.352  INFO 42266 --- [org.springframework.amqp.rabbit.RabbitListenerEndpointContainer#0-2] o.s.a.r.l.SimpleMessageListenerContainer : Waiting for workers to finish.
2023-06-03 22:29:28.352  INFO 42266 --- [org.springframework.amqp.rabbit.RabbitListenerEndpointContainer#0-2] o.s.a.r.l.SimpleMessageListenerContainer : Successfully waited for workers to finish.
2023-06-03 22:29:28.357  INFO 42266 --- [SpringApplicationShutdownHook] o.s.a.r.l.SimpleMessageListenerContainer : Shutdown ignored - container is already stopped
2023-06-03 22:29:28.358  INFO 42266 --- [SpringApplicationShutdownHook] j.LocalContainerEntityManagerFactoryBean : Closing JPA EntityManagerFactory for persistence unit 'default'
2023-06-03 22:29:28.359  INFO 42266 --- [SpringApplicationShutdownHook] .SchemaDropperImpl$DelayedDropActionImpl : HHH000477: Starting delayed evictData of schema as part of SessionFactory shut-down'
2023-06-03 22:29:28.362  INFO 42266 --- [SpringApplicationShutdownHook] com.zaxxer.hikari.HikariDataSource       : HikariPool-1 - Shutdown initiated...
2023-06-03 22:29:28.363  INFO 42266 --- [SpringApplicationShutdownHook] com.zaxxer.hikari.HikariDataSource       : HikariPool-1 - Shutdown completed.
